<?xml version="1.0" encoding="UTF-8"?>
<!-- Generated by org.testng.reporters.JUnitReportReporter -->
<testsuite skipped="0" hostname="DESKTOP-UMV3VIQ" name="Registration.Registration2" tests="2" failures="0" timestamp="2019-10-24T23:59:00 BST" time="0.172" errors="0">
  <testcase name="verifyHomepageTitle" time="0.041" classname="Registration.Registration2"/>
  <testcase name="verifyMobileNumber" time="0.131" classname="Registration.Registration2"/>
</testsuite> <!-- Registration.Registration2 -->
